[2025-02-22 14:46:11] INFO: Lấy thông tin version: {"version":"1.0.0","build_date":"2025-02-22"}
[2025-02-22 14:46:11] INFO: Lấy thông tin version: {"version":"1.0.0","build_date":"2025-02-22"}
[2025-02-22 14:46:11] INFO: Lấy danh sách sinh viên thành công.
[2025-02-22 14:46:11] INFO: Lấy danh sách sinh viên thành công.
[2025-02-22 14:46:11] INFO: Lấy danh sách sinh viên thành công.
[2025-02-22 14:46:11] INFO: Lấy danh sách sinh viên thành công.
[2025-02-22 15:02:04] INFO: Đã xóa tất cả sinh viên.
[2025-02-22 15:02:05] INFO: Lấy thông tin version: {"version":"1.0.0","build_date":"2025-02-22"}
[2025-02-22 15:02:05] INFO: Lấy danh sách sinh viên thành công.
[2025-02-22 15:02:05] INFO: Lấy danh sách sinh viên thành công.
[2025-02-22 15:02:08] INFO: Lấy thông tin version: {"version":"1.0.0","build_date":"2025-02-22"}
[2025-02-22 15:02:08] INFO: Lấy danh sách sinh viên thành công.
[2025-02-22 15:02:08] INFO: Lấy danh sách sinh viên thành công.
[2025-02-22 15:53:58] INFO: Lấy thông tin version: {"version":"1.0.0","build_date":"2025-02-22"}
[2025-02-22 15:53:58] INFO: Lấy danh sách sinh viên thành công.
[2025-02-22 15:53:58] INFO: Lấy danh sách sinh viên thành công.
[2025-02-22 15:53:59] INFO: Lấy thông tin version: {"version":"1.0.0","build_date":"2025-02-22"}
[2025-02-22 15:53:59] INFO: Lấy danh sách sinh viên thành công.
[2025-02-22 15:53:59] INFO: Lấy danh sách sinh viên thành công.
[2025-02-22 15:55:06] INFO: Lấy danh sách sinh viên thành công.
[2025-02-22 15:55:08] INFO: Thêm sinh viên mới: Nguyễn Minh Triết (MSSV: 22127427)
[2025-02-22 15:55:09] INFO: Lấy thông tin version: {"version":"1.0.0","build_date":"2025-02-22"}
[2025-02-22 15:55:10] INFO: Lấy danh sách sinh viên thành công.
[2025-02-22 15:55:10] INFO: Lấy danh sách sinh viên thành công.
[2025-02-22 15:58:18] INFO: Lấy thông tin version: {"version":"1.0.0","build_date":"2025-02-22"}
[2025-02-22 15:58:18] INFO: Lấy danh sách sinh viên thành công.
[2025-02-22 15:58:18] INFO: Lấy danh sách sinh viên thành công.
[2025-02-22 15:58:20] INFO: Xóa sinh viên có ID: 67b990ec2ca8829a14f7b80b
[2025-02-22 15:58:22] INFO: Lấy thông tin version: {"version":"1.0.0","build_date":"2025-02-22"}
[2025-02-22 15:58:22] INFO: Lấy danh sách sinh viên thành công.
[2025-02-22 15:58:22] INFO: Lấy danh sách sinh viên thành công.
[2025-02-22 15:58:45] INFO: Lấy danh sách sinh viên thành công.
[2025-02-22 15:58:45] INFO: Thêm sinh viên mới: Nguyễn Minh Triết (MSSV: 22127427)
[2025-02-22 15:58:48] INFO: Lấy thông tin version: {"version":"1.0.0","build_date":"2025-02-22"}
[2025-02-22 15:58:48] INFO: Lấy danh sách sinh viên thành công.
[2025-02-22 15:58:48] INFO: Lấy danh sách sinh viên thành công.
[2025-02-22 16:00:24] INFO: Lấy thông tin version: {"version":"1.0.0","build_date":"2025-02-22"}
[2025-02-22 16:00:24] INFO: Lấy danh sách sinh viên thành công.
[2025-02-22 16:00:24] INFO: Lấy danh sách sinh viên thành công.
[2025-02-22 16:00:26] INFO: Xóa sinh viên có ID: 67b991c52c27645590fda64d
[2025-02-22 16:00:28] INFO: Lấy thông tin version: {"version":"1.0.0","build_date":"2025-02-22"}
[2025-02-22 16:00:28] INFO: Lấy danh sách sinh viên thành công.
[2025-02-22 16:00:28] INFO: Lấy danh sách sinh viên thành công.
[2025-02-22 16:03:06] INFO: Lấy thông tin version: {"version":"1.0.0","build_date":"2025-02-22"}
[2025-02-22 16:03:06] INFO: Lấy danh sách sinh viên thành công.
[2025-02-22 16:03:06] INFO: Lấy danh sách sinh viên thành công.
[2025-02-22 16:03:31] INFO: Lấy danh sách sinh viên thành công.
[2025-02-22 16:03:34] INFO: Lấy danh sách sinh viên thành công.
[2025-02-22 16:04:51] INFO: Lấy thông tin version: {"version":"1.0.0","build_date":"2025-02-22"}
[2025-02-22 16:04:51] INFO: Lấy danh sách sinh viên thành công.
[2025-02-22 16:04:52] INFO: Lấy danh sách sinh viên thành công.
[2025-02-22 16:05:14] INFO: Lấy danh sách sinh viên thành công.
[2025-02-22 16:05:21] INFO: Lấy danh sách sinh viên thành công.
[2025-02-22 16:05:24] INFO: Lấy thông tin version: {"version":"1.0.0","build_date":"2025-02-22"}
[2025-02-22 16:05:24] INFO: Lấy danh sách sinh viên thành công.
[2025-02-22 16:05:24] INFO: Lấy danh sách sinh viên thành công.
[2025-02-22 16:05:29] INFO: Xóa sinh viên có ID: 67b99351a3c4793da6dfcc26
[2025-02-22 16:05:31] INFO: Lấy thông tin version: {"version":"1.0.0","build_date":"2025-02-22"}
[2025-02-22 16:05:31] INFO: Lấy danh sách sinh viên thành công.
[2025-02-22 16:05:31] INFO: Lấy danh sách sinh viên thành công.
[2025-02-22 19:17:33] INFO: Lấy thông tin version: {"version":"1.0.0","build_date":"2025-02-22"}
[2025-02-22 19:17:33] INFO: Lấy danh sách sinh viên thành công.
[2025-02-22 19:17:33] INFO: Lấy danh sách sinh viên thành công.
[2025-02-22 19:18:09] INFO: Lấy thông tin version: {"version":"1.0.0","build_date":"2025-02-22"}
[2025-02-22 19:18:09] INFO: Lấy danh sách sinh viên thành công.
[2025-02-22 19:18:09] INFO: Lấy danh sách sinh viên thành công.
[2025-02-22 19:18:58] INFO: Lấy thông tin version: {"version":"1.0.0","build_date":"2025-02-22"}
[2025-02-22 19:18:58] INFO: Lấy danh sách sinh viên thành công.
[2025-02-22 19:18:58] INFO: Lấy danh sách sinh viên thành công.
[2025-02-22 19:19:28] INFO: Lấy danh sách sinh viên thành công.
[2025-02-22 19:19:32] INFO: Lấy danh sách sinh viên thành công.
[2025-02-22 19:19:40] INFO: Lấy danh sách sinh viên thành công.
[2025-02-22 19:20:10] INFO: Lấy thông tin version: {"version":"1.0.0","build_date":"2025-02-22"}
[2025-02-22 19:20:10] INFO: Lấy danh sách sinh viên thành công.
[2025-02-22 19:20:10] INFO: Lấy danh sách sinh viên thành công.
[2025-02-22 19:20:37] INFO: Lấy thông tin version: {"version":"1.0.0","build_date":"2025-02-22"}
[2025-02-22 19:20:37] INFO: Lấy danh sách sinh viên thành công.
[2025-02-22 19:20:37] INFO: Lấy danh sách sinh viên thành công.
[2025-02-22 19:20:55] INFO: Lấy danh sách sinh viên thành công.
[2025-02-22 19:21:15] INFO: Lấy danh sách sinh viên thành công.
[2025-02-22 19:22:46] INFO: Lấy thông tin version: {"version":"1.0.0","build_date":"2025-02-22"}
[2025-02-22 19:22:46] INFO: Lấy danh sách sinh viên thành công.
[2025-02-22 19:22:46] INFO: Lấy danh sách sinh viên thành công.
[2025-02-22 19:23:05] INFO: Lấy danh sách sinh viên thành công.
[2025-02-22 19:23:30] INFO: Lấy danh sách sinh viên thành công.
[2025-02-22 19:23:36] INFO: Lấy danh sách sinh viên thành công.
[2025-02-22 19:23:36] INFO: Thêm sinh viên mới: Nguyễn Minh Triết (MSSV: 22127427)
[2025-02-22 19:23:36] INFO: Lấy thông tin version: {"version":"1.0.0","build_date":"2025-02-22"}
[2025-02-22 19:23:36] INFO: Lấy danh sách sinh viên thành công.
[2025-02-22 19:23:36] INFO: Lấy danh sách sinh viên thành công.
[2025-02-22 19:23:42] INFO: Xóa sinh viên có ID: 67b9c1c847b3a94848124220
[2025-02-22 19:23:43] INFO: Lấy thông tin version: {"version":"1.0.0","build_date":"2025-02-22"}
[2025-02-22 19:23:43] INFO: Lấy danh sách sinh viên thành công.
[2025-02-22 19:23:43] INFO: Lấy danh sách sinh viên thành công.
[2025-02-22 19:23:52] INFO: Cập nhật danh sách tên miền email hợp lệ: clc.fitus.edu.vn
[2025-02-22 19:24:43] INFO: Cập nhật danh sách tên miền email hợp lệ: student.university.edu.vn
[2025-02-22 19:25:01] INFO: Cập nhật danh sách tên miền email hợp lệ: clc.fitus.edu.vn
[2025-02-22 19:29:16] INFO: Lấy thông tin version: {"version":"1.0.0","build_date":"2025-02-22"}
[2025-02-22 19:29:16] INFO: Lấy danh sách sinh viên thành công.
[2025-02-22 19:29:16] INFO: Lấy danh sách sinh viên thành công.
[2025-02-22 19:29:36] INFO: Lấy danh sách sinh viên thành công.
[2025-02-22 19:29:43] INFO: Lấy danh sách sinh viên thành công.
[2025-02-22 19:29:44] INFO: Thêm sinh viên mới: Nguyễn Minh Triết (MSSV: 22127427)
[2025-02-22 19:29:44] INFO: Lấy thông tin version: {"version":"1.0.0","build_date":"2025-02-22"}
[2025-02-22 19:29:44] INFO: Lấy danh sách sinh viên thành công.
[2025-02-22 19:29:44] INFO: Lấy danh sách sinh viên thành công.
[2025-02-22 19:29:48] INFO: Xóa sinh viên có ID: 67b9c3387ad9b78edae5a315
[2025-02-22 19:29:50] INFO: Lấy thông tin version: {"version":"1.0.0","build_date":"2025-02-22"}
[2025-02-22 19:29:50] INFO: Lấy danh sách sinh viên thành công.
[2025-02-22 19:29:50] INFO: Lấy danh sách sinh viên thành công.
[2025-02-22 19:29:58] INFO: Danh sách tên miền email sau khi cập nhật: clc.fitus.edu.vn, student.hcmus.edu.vn
[2025-02-22 19:30:08] INFO: Danh sách tên miền email sau khi cập nhật: clc.fitus.edu.vn, student.hcmus.edu.vn
[2025-02-22 19:30:11] INFO: Danh sách tên miền email sau khi cập nhật: clc.fitus.edu.vn, student.hcmus.edu.vn
[2025-02-22 19:31:15] INFO: Lấy danh sách sinh viên thành công.
[2025-02-22 19:31:15] INFO: Thêm sinh viên mới: Nguyễn Minh Triết (MSSV: 22127427)
[2025-02-22 19:31:15] INFO: Lấy thông tin version: {"version":"1.0.0","build_date":"2025-02-22"}
[2025-02-22 19:31:15] INFO: Lấy danh sách sinh viên thành công.
[2025-02-22 19:31:15] INFO: Lấy danh sách sinh viên thành công.
[2025-02-22 19:32:01] INFO: Lấy danh sách sinh viên thành công.
[2025-02-22 19:32:01] INFO: Thêm sinh viên mới: Đỗ Hải Yến (MSSV: 22127469)
[2025-02-22 19:32:01] INFO: Lấy thông tin version: {"version":"1.0.0","build_date":"2025-02-22"}
[2025-02-22 19:32:01] INFO: Lấy danh sách sinh viên thành công.
[2025-02-22 19:32:01] INFO: Lấy danh sách sinh viên thành công.
[2025-02-22 19:32:11] INFO: Lấy danh sách sinh viên thành công.
[2025-02-22 19:32:11] INFO: Yêu cầu cập nhật sinh viên có ID: 67b9c3937ad9b78edae5a330
[2025-02-22 19:32:11] INFO: Cập nhật thành công sinh viên: Nguyễn Minh Triết (ID: 67b9c3937ad9b78edae5a330)
[2025-02-22 19:32:13] INFO: Lấy thông tin version: {"version":"1.0.0","build_date":"2025-02-22"}
[2025-02-22 19:32:13] INFO: Lấy danh sách sinh viên thành công.
[2025-02-22 19:32:13] INFO: Lấy danh sách sinh viên thành công.
[2025-02-22 19:32:21] INFO: Lấy danh sách sinh viên thành công.
[2025-02-22 19:32:21] INFO: Yêu cầu cập nhật sinh viên có ID: 67b9c3937ad9b78edae5a330
[2025-02-22 19:32:21] INFO: Cập nhật thành công sinh viên: Nguyễn Minh Triết (ID: 67b9c3937ad9b78edae5a330)
[2025-02-22 19:32:23] INFO: Lấy thông tin version: {"version":"1.0.0","build_date":"2025-02-22"}
[2025-02-22 19:32:23] INFO: Lấy danh sách sinh viên thành công.
[2025-02-22 19:32:23] INFO: Lấy danh sách sinh viên thành công.
[2025-02-22 19:35:34] INFO: Lấy thông tin version: {"version":"1.0.0","build_date":"2025-02-22"}
[2025-02-22 19:35:34] INFO: Lấy danh sách sinh viên thành công.
[2025-02-22 19:35:34] INFO: Lấy danh sách sinh viên thành công.
[2025-02-22 19:35:48] INFO: Lấy thông tin version: {"version":"1.0.0","build_date":"2025-02-22"}
[2025-02-22 19:35:48] INFO: Lấy danh sách sinh viên thành công.
[2025-02-22 19:35:48] INFO: Lấy danh sách sinh viên thành công.
