[2025-02-18 18:10:33] INFO: Lấy danh sách sinh viên thành công.
[2025-02-18 18:10:33] INFO: Lấy danh sách sinh viên thành công.
[2025-02-18 18:11:32] INFO: Xóa sinh viên có ID: 67b43afdd7b49f83a0095435
[2025-02-18 18:11:33] INFO: Lấy danh sách sinh viên thành công.
[2025-02-18 18:11:34] INFO: Lấy danh sách sinh viên thành công.
[2025-02-18 18:11:36] INFO: Xóa sinh viên có ID: 67b43afdd7b49f83a0095433
[2025-02-18 18:11:37] INFO: Lấy danh sách sinh viên thành công.
[2025-02-18 18:11:37] INFO: Lấy danh sách sinh viên thành công.
[2025-02-18 18:11:39] INFO: Xóa sinh viên có ID: 67b43afdd7b49f83a0095437
[2025-02-18 18:11:40] INFO: Lấy danh sách sinh viên thành công.
[2025-02-18 18:11:40] INFO: Lấy danh sách sinh viên thành công.
[2025-02-18 18:11:42] INFO: Xóa sinh viên có ID: 67b43afdd7b49f83a0095438
[2025-02-18 18:11:44] INFO: Lấy danh sách sinh viên thành công.
[2025-02-18 18:11:44] INFO: Lấy danh sách sinh viên thành công.
[2025-02-18 18:11:46] INFO: Xóa sinh viên có ID: 67b43afdd7b49f83a0095439
[2025-02-18 18:11:47] INFO: Lấy danh sách sinh viên thành công.
[2025-02-18 18:11:47] INFO: Lấy danh sách sinh viên thành công.
[2025-02-18 18:11:50] INFO: Xóa sinh viên có ID: 67b43afdd7b49f83a009543c
[2025-02-18 18:11:52] INFO: Lấy danh sách sinh viên thành công.
[2025-02-18 18:11:52] INFO: Lấy danh sách sinh viên thành công.
[2025-02-18 18:11:57] INFO: Bắt đầu import file Excel: students.xlsx
[2025-02-18 18:11:59] INFO: Import Excel hoàn tất: 6 sinh viên mới.
[2025-02-18 18:12:00] INFO: Lấy danh sách sinh viên thành công.
[2025-02-18 18:12:00] INFO: Lấy danh sách sinh viên thành công.
[2025-02-18 18:13:18] INFO: Xóa sinh viên có ID: 67b43cb8a59c9cc984177610
[2025-02-18 18:13:20] INFO: Lấy danh sách sinh viên thành công.
[2025-02-18 18:13:20] INFO: Lấy danh sách sinh viên thành công.
[2025-02-18 18:13:21] INFO: Xóa sinh viên có ID: 67b46afecf53dcae22ea2ad7
[2025-02-18 18:13:23] INFO: Lấy danh sách sinh viên thành công.
[2025-02-18 18:13:23] INFO: Lấy danh sách sinh viên thành công.
[2025-02-18 18:13:25] INFO: Xóa sinh viên có ID: 67b46afecf53dcae22ea2adc
[2025-02-18 18:13:26] INFO: Lấy danh sách sinh viên thành công.
[2025-02-18 18:13:27] INFO: Lấy danh sách sinh viên thành công.
[2025-02-18 18:13:31] INFO: Bắt đầu import file Excel: students.xlsx
[2025-02-18 18:13:32] INFO: Import Excel hoàn tất: 3 sinh viên mới.
[2025-02-18 18:13:33] INFO: Lấy danh sách sinh viên thành công.
[2025-02-18 18:13:33] INFO: Lấy danh sách sinh viên thành công.
[2025-02-18 20:45:30] INFO: Lấy thông tin version: {"version":"1.0.0","build_date":"2025-02-18"}
[2025-02-18 20:45:30] INFO: Lấy danh sách sinh viên thành công.
[2025-02-18 20:45:30] INFO: Lấy danh sách sinh viên thành công.
[2025-02-18 20:45:43] INFO: Xóa sinh viên có ID: 67b43afdd7b49f83a009543d
[2025-02-18 20:45:44] INFO: Lấy thông tin version: {"version":"1.0.0","build_date":"2025-02-18"}
[2025-02-18 20:45:44] INFO: Lấy danh sách sinh viên thành công.
[2025-02-18 20:45:44] INFO: Lấy danh sách sinh viên thành công.
[2025-02-18 20:45:46] INFO: Xóa sinh viên có ID: 67b43afdd7b49f83a009543e
[2025-02-18 20:45:48] INFO: Lấy thông tin version: {"version":"1.0.0","build_date":"2025-02-18"}
[2025-02-18 20:45:48] INFO: Lấy danh sách sinh viên thành công.
[2025-02-18 20:45:48] INFO: Lấy danh sách sinh viên thành công.
[2025-02-18 20:45:50] INFO: Xóa sinh viên có ID: 67b43cb8a59c9cc984177602
[2025-02-18 20:45:52] INFO: Lấy thông tin version: {"version":"1.0.0","build_date":"2025-02-18"}
[2025-02-18 20:45:52] INFO: Lấy danh sách sinh viên thành công.
[2025-02-18 20:45:52] INFO: Lấy danh sách sinh viên thành công.
[2025-02-18 20:45:53] INFO: Xóa sinh viên có ID: 67b43cb8a59c9cc984177607
[2025-02-18 20:45:54] INFO: Lấy thông tin version: {"version":"1.0.0","build_date":"2025-02-18"}
[2025-02-18 20:45:54] INFO: Lấy danh sách sinh viên thành công.
[2025-02-18 20:45:54] INFO: Lấy danh sách sinh viên thành công.
[2025-02-18 20:45:56] INFO: Xóa sinh viên có ID: 67b43cb8a59c9cc984177613
[2025-02-18 20:45:57] INFO: Lấy thông tin version: {"version":"1.0.0","build_date":"2025-02-18"}
[2025-02-18 20:45:58] INFO: Lấy danh sách sinh viên thành công.
[2025-02-18 20:45:58] INFO: Lấy danh sách sinh viên thành công.
[2025-02-18 20:45:59] INFO: Xóa sinh viên có ID: 67b46afecf53dcae22ea2ad2
[2025-02-18 20:46:00] INFO: Lấy thông tin version: {"version":"1.0.0","build_date":"2025-02-18"}
[2025-02-18 20:46:00] INFO: Lấy danh sách sinh viên thành công.
[2025-02-18 20:46:00] INFO: Lấy danh sách sinh viên thành công.
[2025-02-18 20:46:02] INFO: Xóa sinh viên có ID: 67b46afecf53dcae22ea2adf
[2025-02-18 20:46:03] INFO: Lấy thông tin version: {"version":"1.0.0","build_date":"2025-02-18"}
[2025-02-18 20:46:03] INFO: Lấy danh sách sinh viên thành công.
[2025-02-18 20:46:03] INFO: Lấy danh sách sinh viên thành công.
[2025-02-18 20:46:05] INFO: Xóa sinh viên có ID: 67b46afecf53dcae22ea2ae2
[2025-02-18 20:46:07] INFO: Lấy thông tin version: {"version":"1.0.0","build_date":"2025-02-18"}
[2025-02-18 20:46:07] INFO: Lấy danh sách sinh viên thành công.
[2025-02-18 20:46:07] INFO: Lấy danh sách sinh viên thành công.
[2025-02-18 20:46:09] INFO: Xóa sinh viên có ID: 67b46afecf53dcae22ea2ae9
[2025-02-18 20:46:10] INFO: Lấy thông tin version: {"version":"1.0.0","build_date":"2025-02-18"}
[2025-02-18 20:46:10] INFO: Lấy danh sách sinh viên thành công.
[2025-02-18 20:46:10] INFO: Lấy danh sách sinh viên thành công.
[2025-02-18 20:46:12] INFO: Xóa sinh viên có ID: 67b46b5ba0915f8707d9d16e
[2025-02-18 20:46:13] INFO: Lấy thông tin version: {"version":"1.0.0","build_date":"2025-02-18"}
[2025-02-18 20:46:13] INFO: Lấy danh sách sinh viên thành công.
[2025-02-18 20:46:13] INFO: Lấy danh sách sinh viên thành công.
[2025-02-18 20:46:15] INFO: Xóa sinh viên có ID: 67b46b5ba0915f8707d9d173
[2025-02-18 20:46:17] INFO: Lấy thông tin version: {"version":"1.0.0","build_date":"2025-02-18"}
[2025-02-18 20:46:17] INFO: Lấy danh sách sinh viên thành công.
[2025-02-18 20:46:17] INFO: Lấy danh sách sinh viên thành công.
[2025-02-18 20:46:18] INFO: Xóa sinh viên có ID: 67b46b5ba0915f8707d9d17a
[2025-02-18 20:46:20] INFO: Lấy thông tin version: {"version":"1.0.0","build_date":"2025-02-18"}
[2025-02-18 20:46:20] INFO: Lấy danh sách sinh viên thành công.
[2025-02-18 20:46:20] INFO: Lấy danh sách sinh viên thành công.
[2025-02-18 20:48:14] INFO: Lấy danh sách sinh viên thành công.
[2025-02-18 20:48:14] INFO: Thêm sinh viên mới: Nguyễn Gia Hân (MSSV: 22127442)
[2025-02-18 20:48:15] INFO: Lấy thông tin version: {"version":"1.0.0","build_date":"2025-02-18"}
[2025-02-18 20:48:15] INFO: Lấy danh sách sinh viên thành công.
[2025-02-18 20:48:15] INFO: Lấy danh sách sinh viên thành công.
[2025-02-18 20:48:24] INFO: Bắt đầu import file Excel: students.xlsx
[2025-02-18 20:48:25] INFO: Import Excel hoàn tất: 12 sinh viên mới.
[2025-02-18 20:48:27] INFO: Lấy thông tin version: {"version":"1.0.0","build_date":"2025-02-18"}
[2025-02-18 20:48:27] INFO: Lấy danh sách sinh viên thành công.
[2025-02-18 20:48:27] INFO: Lấy danh sách sinh viên thành công.
[2025-02-18 20:48:33] INFO: Yêu cầu xuất Excel - Số lượng sinh viên: 13
[2025-02-18 20:48:33] INFO: Xuất file Excel thành công!
