[2025-02-27 09:01:50] INFO: Lấy thông tin version: {"version":"1.0.0","build_date":"2025-02-27"}
[2025-02-27 09:01:50] INFO: Lấy danh sách sinh viên thành công.
[2025-02-27 09:01:50] INFO: Lấy danh sách sinh viên thành công.
[2025-02-27 09:02:08] INFO: Lấy thông tin version: {"version":"1.0.0","build_date":"2025-02-27"}
[2025-02-27 09:02:10] INFO: Lấy danh sách sinh viên thành công.
[2025-02-27 09:02:10] INFO: Lấy danh sách sinh viên thành công.
[2025-02-27 09:02:12] INFO: Lấy thông tin version: {"version":"1.0.0","build_date":"2025-02-27"}
[2025-02-27 09:02:12] INFO: Lấy danh sách sinh viên thành công.
[2025-02-27 09:02:12] INFO: Lấy danh sách sinh viên thành công.
[2025-02-27 09:02:14] INFO: Lấy thông tin version: {"version":"1.0.0","build_date":"2025-02-27"}
[2025-02-27 09:02:14] INFO: Lấy danh sách sinh viên thành công.
[2025-02-27 09:02:14] INFO: Lấy danh sách sinh viên thành công.
[2025-02-27 09:03:21] INFO: Lấy thông tin version: {"version":"1.0.0","build_date":"2025-02-27"}
[2025-02-27 09:03:21] INFO: Lấy danh sách sinh viên thành công.
[2025-02-27 09:03:22] INFO: Lấy danh sách sinh viên thành công.
[2025-02-27 09:04:32] INFO: Lấy thông tin version: {"version":"1.0.0","build_date":"2025-02-27"}
[2025-02-27 09:04:32] INFO: Lấy danh sách sinh viên thành công.
[2025-02-27 09:04:32] INFO: Lấy danh sách sinh viên thành công.
[2025-02-27 09:04:46] INFO: Lấy thông tin version: {"version":"1.0.0","build_date":"2025-02-27"}
[2025-02-27 09:04:46] INFO: Lấy danh sách sinh viên thành công.
[2025-02-27 09:04:46] INFO: Lấy danh sách sinh viên thành công.
[2025-02-27 09:27:10] INFO: Lấy thông tin version: {"version":"1.0.0","build_date":"2025-02-27"}
[2025-02-27 09:27:10] INFO: Lấy danh sách sinh viên thành công.
[2025-02-27 09:27:10] INFO: Lấy danh sách sinh viên thành công.
[2025-02-27 09:27:27] INFO: Lấy thông tin version: {"version":"1.0.0","build_date":"2025-02-27"}
[2025-02-27 09:27:27] INFO: Lấy danh sách sinh viên thành công.
[2025-02-27 09:27:27] INFO: Lấy danh sách sinh viên thành công.
[2025-02-27 09:27:36] INFO: Lấy thông tin version: {"version":"1.0.0","build_date":"2025-02-27"}
[2025-02-27 09:27:38] INFO: Lấy danh sách sinh viên thành công.
[2025-02-27 09:27:38] INFO: Lấy danh sách sinh viên thành công.
[2025-02-27 09:28:38] INFO: Lấy thông tin version: {"version":"1.0.0","build_date":"2025-02-27"}
[2025-02-27 09:28:38] INFO: Lấy danh sách sinh viên thành công.
[2025-02-27 09:28:38] INFO: Lấy danh sách sinh viên thành công.
[2025-02-27 09:32:44] INFO: Lấy thông tin version: {"version":"1.0.0","build_date":"2025-02-27"}
[2025-02-27 09:32:44] INFO: Lấy danh sách sinh viên thành công.
[2025-02-27 09:32:44] INFO: Lấy danh sách sinh viên thành công.
[2025-02-27 09:36:24] INFO: Lấy thông tin version: {"version":"1.0.0","build_date":"2025-02-27"}
[2025-02-27 09:36:24] INFO: Lấy danh sách sinh viên thành công.
[2025-02-27 09:36:24] INFO: Lấy danh sách sinh viên thành công.
[2025-02-27 09:37:30] INFO: Lấy thông tin version: {"version":"1.0.0","build_date":"2025-02-27"}
[2025-02-27 09:37:33] INFO: Lấy danh sách sinh viên thành công.
[2025-02-27 09:37:33] INFO: Lấy danh sách sinh viên thành công.
[2025-02-27 09:43:50] INFO: Lấy thông tin version: {"version":"1.0.0","build_date":"2025-02-27"}
[2025-02-27 09:43:51] INFO: Lấy danh sách sinh viên thành công.
[2025-02-27 09:43:51] INFO: Lấy danh sách sinh viên thành công.
[2025-02-27 14:57:58] INFO: Lấy thông tin version: {"version":"1.0.0","build_date":"2025-02-27"}
[2025-02-27 14:57:58] INFO: Lấy danh sách sinh viên thành công.
[2025-02-27 14:57:58] INFO: Lấy danh sách sinh viên thành công.
[2025-02-27 15:01:58] INFO: Lấy thông tin version: {"version":"1.0.0","build_date":"2025-02-27"}
[2025-02-27 15:01:58] INFO: Lấy danh sách sinh viên thành công.
[2025-02-27 15:01:58] INFO: Lấy danh sách sinh viên thành công.
[2025-02-27 15:08:57] INFO: Lấy thông tin version: {"version":"1.0.0","build_date":"2025-02-27"}
[2025-02-27 15:08:58] INFO: Lấy danh sách sinh viên thành công.
[2025-02-27 15:08:58] INFO: Lấy danh sách sinh viên thành công.
[2025-02-27 15:09:00] INFO: Lấy thông tin version: {"version":"1.0.0","build_date":"2025-02-27"}
[2025-02-27 15:09:00] INFO: Lấy danh sách sinh viên thành công.
[2025-02-27 15:09:00] INFO: Lấy danh sách sinh viên thành công.
[2025-02-27 15:09:20] INFO: Lấy thông tin version: {"version":"1.0.0","build_date":"2025-02-27"}
[2025-02-27 15:09:20] INFO: Lấy danh sách sinh viên thành công.
[2025-02-27 15:09:20] INFO: Lấy danh sách sinh viên thành công.
[2025-02-27 15:09:42] INFO: Lấy thông tin version: {"version":"1.0.0","build_date":"2025-02-27"}
[2025-02-27 15:09:42] INFO: Lấy danh sách sinh viên thành công.
[2025-02-27 15:09:42] INFO: Lấy danh sách sinh viên thành công.
[2025-02-27 15:09:59] INFO: Lấy danh sách sinh viên thành công.
[2025-02-27 15:09:59] INFO: Yêu cầu cập nhật sinh viên có ID: 67bd94de412a670263cc3585
[2025-02-27 15:10:04] INFO: Lấy danh sách sinh viên thành công.
[2025-02-27 15:10:04] INFO: Yêu cầu cập nhật sinh viên có ID: 67bd94de412a670263cc3585
[2025-02-27 15:15:43] INFO: Lấy thông tin version: {"version":"1.0.0","build_date":"2025-02-27"}
[2025-02-27 15:15:43] INFO: Lấy danh sách sinh viên thành công.
[2025-02-27 15:15:43] INFO: Lấy danh sách sinh viên thành công.
[2025-02-27 15:15:52] INFO: Lấy danh sách sinh viên thành công.
[2025-02-27 15:15:52] INFO: Yêu cầu cập nhật sinh viên có ID: 67bd94de412a670263cc3585
[2025-02-27 15:15:52] INFO: Cập nhật thành công sinh viên: Đỗ Hải Yến (ID: 67bd94de412a670263cc3585)
[2025-02-27 15:15:53] INFO: Lấy thông tin version: {"version":"1.0.0","build_date":"2025-02-27"}
[2025-02-27 15:15:53] INFO: Lấy danh sách sinh viên thành công.
[2025-02-27 15:15:53] INFO: Lấy danh sách sinh viên thành công.
[2025-02-27 15:23:48] INFO: Lấy thông tin version: {"version":"1.0.0","build_date":"2025-02-27"}
[2025-02-27 15:23:49] INFO: Lấy danh sách sinh viên thành công.
[2025-02-27 15:23:49] INFO: Lấy danh sách sinh viên thành công.
[2025-02-27 15:27:19] INFO: Lấy thông tin version: {"version":"1.0.0","build_date":"2025-02-27"}
[2025-02-27 15:27:19] INFO: Lấy danh sách sinh viên thành công.
[2025-02-27 15:27:19] INFO: Lấy danh sách sinh viên thành công.
[2025-02-27 15:28:36] INFO: Lấy thông tin version: {"version":"1.0.0","build_date":"2025-02-27"}
[2025-02-27 15:28:37] INFO: Lấy danh sách sinh viên thành công.
[2025-02-27 15:28:37] INFO: Lấy danh sách sinh viên thành công.
[2025-02-27 15:32:16] INFO: Lấy thông tin version: {"version":"1.0.0","build_date":"2025-02-27"}
[2025-02-27 15:32:16] INFO: Lấy danh sách sinh viên thành công.
[2025-02-27 15:32:17] INFO: Lấy danh sách sinh viên thành công.
[2025-02-27 15:33:39] INFO: Lấy thông tin version: {"version":"1.0.0","build_date":"2025-02-27"}
[2025-02-27 15:33:39] INFO: Lấy danh sách sinh viên thành công.
[2025-02-27 15:33:39] INFO: Lấy danh sách sinh viên thành công.
[2025-02-27 15:36:33] INFO: Lấy thông tin version: {"version":"1.0.0","build_date":"2025-02-27"}
[2025-02-27 15:36:33] INFO: Lấy danh sách sinh viên thành công.
[2025-02-27 15:36:33] INFO: Lấy danh sách sinh viên thành công.
[2025-02-27 15:39:32] INFO: Lấy thông tin version: {"version":"1.0.0","build_date":"2025-02-27"}
[2025-02-27 15:39:32] INFO: Lấy danh sách sinh viên thành công.
[2025-02-27 15:39:32] INFO: Lấy danh sách sinh viên thành công.
[2025-02-27 15:39:35] INFO: Lấy thông tin version: {"version":"1.0.0","build_date":"2025-02-27"}
[2025-02-27 15:39:35] INFO: Lấy danh sách sinh viên thành công.
[2025-02-27 15:39:35] INFO: Lấy danh sách sinh viên thành công.
[2025-02-27 15:39:43] INFO: Lấy thông tin version: {"version":"1.0.0","build_date":"2025-02-27"}
[2025-02-27 15:39:43] INFO: Lấy danh sách sinh viên thành công.
[2025-02-27 15:39:43] INFO: Lấy danh sách sinh viên thành công.
[2025-02-27 15:39:51] INFO: Lấy thông tin version: {"version":"1.0.0","build_date":"2025-02-27"}
[2025-02-27 15:39:52] INFO: Lấy danh sách sinh viên thành công.
[2025-02-27 15:39:52] INFO: Lấy danh sách sinh viên thành công.
[2025-02-27 15:42:28] INFO: Lấy thông tin version: {"version":"1.0.0","build_date":"2025-02-27"}
[2025-02-27 15:42:28] INFO: Lấy danh sách sinh viên thành công.
[2025-02-27 15:42:28] INFO: Lấy danh sách sinh viên thành công.
[2025-02-27 15:42:46] INFO: Lấy danh sách sinh viên thành công.
[2025-02-27 15:42:46] INFO: Yêu cầu cập nhật sinh viên có ID: 67b9e39af45f0e4c95148a63
[2025-02-27 15:45:33] INFO: Lấy danh sách sinh viên thành công.
[2025-02-27 15:45:33] INFO: Yêu cầu cập nhật sinh viên có ID: 67b9e39af45f0e4c95148a63
[2025-02-27 15:45:47] INFO: Lấy thông tin version: {"version":"1.0.0","build_date":"2025-02-27"}
[2025-02-27 15:45:47] INFO: Lấy danh sách sinh viên thành công.
[2025-02-27 15:45:47] INFO: Lấy danh sách sinh viên thành công.
[2025-02-27 15:46:03] INFO: Lấy danh sách sinh viên thành công.
[2025-02-27 15:46:03] INFO: Yêu cầu cập nhật sinh viên có ID: 67bd94de412a670263cc3585
[2025-02-27 15:48:18] INFO: Lấy thông tin version: {"version":"1.0.0","build_date":"2025-02-27"}
[2025-02-27 15:48:19] INFO: Lấy danh sách sinh viên thành công.
[2025-02-27 15:48:19] INFO: Lấy danh sách sinh viên thành công.
[2025-02-27 15:48:25] INFO: Lấy danh sách sinh viên thành công.
[2025-02-27 15:48:25] INFO: Yêu cầu cập nhật sinh viên có ID: 67b9e39af45f0e4c95148a63
[2025-02-27 15:48:35] INFO: Lấy danh sách sinh viên thành công.
[2025-02-27 15:48:35] INFO: Yêu cầu cập nhật sinh viên có ID: 67b9e39af45f0e4c95148a63
[2025-02-27 15:50:16] INFO: Lấy thông tin version: {"version":"1.0.0","build_date":"2025-02-27"}
[2025-02-27 15:50:16] INFO: Lấy danh sách sinh viên thành công.
[2025-02-27 15:50:16] INFO: Lấy danh sách sinh viên thành công.
[2025-02-27 15:50:22] INFO: Lấy danh sách sinh viên thành công.
[2025-02-27 15:50:22] INFO: Yêu cầu cập nhật sinh viên có ID: 67b9e39af45f0e4c95148a63
[2025-02-27 15:51:25] INFO: Lấy thông tin version: {"version":"1.0.0","build_date":"2025-02-27"}
[2025-02-27 15:51:25] INFO: Lấy danh sách sinh viên thành công.
[2025-02-27 15:51:25] INFO: Lấy danh sách sinh viên thành công.
[2025-02-27 15:51:30] INFO: Lấy danh sách sinh viên thành công.
[2025-02-27 15:51:30] INFO: Yêu cầu cập nhật sinh viên có ID: 67b9e39af45f0e4c95148a63
[2025-02-27 15:51:33] INFO: Lấy thông tin version: {"version":"1.0.0","build_date":"2025-02-27"}
[2025-02-27 15:51:33] INFO: Lấy danh sách sinh viên thành công.
[2025-02-27 15:51:33] INFO: Lấy danh sách sinh viên thành công.
[2025-02-27 15:51:34] INFO: Lấy thông tin version: {"version":"1.0.0","build_date":"2025-02-27"}
[2025-02-27 15:51:34] INFO: Lấy danh sách sinh viên thành công.
[2025-02-27 15:51:34] INFO: Lấy danh sách sinh viên thành công.
[2025-02-27 15:51:39] INFO: Lấy danh sách sinh viên thành công.
[2025-02-27 15:51:39] INFO: Yêu cầu cập nhật sinh viên có ID: 67b9e39af45f0e4c95148a63
[2025-02-27 15:53:23] INFO: Lấy thông tin version: {"version":"1.0.0","build_date":"2025-02-27"}
[2025-02-27 15:53:23] INFO: Lấy danh sách sinh viên thành công.
[2025-02-27 15:53:23] INFO: Lấy danh sách sinh viên thành công.
[2025-02-27 15:53:23] INFO: Lấy thông tin version: {"version":"1.0.0","build_date":"2025-02-27"}
[2025-02-27 15:53:23] INFO: Lấy danh sách sinh viên thành công.
[2025-02-27 15:53:23] INFO: Lấy danh sách sinh viên thành công.
[2025-02-27 15:53:24] INFO: Lấy thông tin version: {"version":"1.0.0","build_date":"2025-02-27"}
[2025-02-27 15:53:24] INFO: Lấy danh sách sinh viên thành công.
[2025-02-27 15:53:24] INFO: Lấy danh sách sinh viên thành công.
[2025-02-27 15:53:27] INFO: Lấy danh sách sinh viên thành công.
[2025-02-27 15:53:27] INFO: Yêu cầu cập nhật sinh viên có ID: 67b9e39af45f0e4c95148a63
[2025-02-27 15:53:28] ERROR: Lỗi khi cập nhật sinh viên có ID 67b9e39af45f0e4c95148a63: Cannot access 'allowedNextStatuses' before initialization
[2025-02-27 15:54:31] INFO: Lấy thông tin version: {"version":"1.0.0","build_date":"2025-02-27"}
[2025-02-27 15:54:31] INFO: Lấy danh sách sinh viên thành công.
[2025-02-27 15:54:31] INFO: Lấy danh sách sinh viên thành công.
[2025-02-27 15:54:36] INFO: Lấy danh sách sinh viên thành công.
[2025-02-27 15:54:36] INFO: Yêu cầu cập nhật sinh viên có ID: 67b9e39af45f0e4c95148a63
[2025-02-27 15:55:47] INFO: Lấy danh sách sinh viên thành công.
[2025-02-27 15:55:47] INFO: Yêu cầu cập nhật sinh viên có ID: 67b9e39af45f0e4c95148a63
[2025-02-27 15:55:47] INFO: Cập nhật thành công sinh viên: Nguyễn Minh Triết (ID: 67b9e39af45f0e4c95148a63)
[2025-02-27 15:55:48] INFO: Lấy thông tin version: {"version":"1.0.0","build_date":"2025-02-27"}
[2025-02-27 15:55:48] INFO: Lấy danh sách sinh viên thành công.
[2025-02-27 15:55:48] INFO: Lấy danh sách sinh viên thành công.
[2025-02-27 15:55:54] INFO: Lấy danh sách sinh viên thành công.
[2025-02-27 15:55:54] INFO: Yêu cầu cập nhật sinh viên có ID: 67b9e39af45f0e4c95148a63
[2025-02-27 15:56:30] INFO: Lấy thông tin version: {"version":"1.0.0","build_date":"2025-02-27"}
[2025-02-27 15:56:30] INFO: Lấy danh sách sinh viên thành công.
[2025-02-27 15:56:30] INFO: Lấy danh sách sinh viên thành công.
