[2025-03-14 14:08:58] INFO: Lấy thông tin version: {"version":"3.0.0","build_date":"2025-03-14"}
[2025-03-14 14:08:58] INFO: Lấy danh sách sinh viên thành công.
[2025-03-14 14:08:58] INFO: Lấy danh sách sinh viên thành công.
[2025-03-14 14:14:32] INFO: Lấy thông tin version: {"version":"3.0.0","build_date":"2025-03-14"}
[2025-03-14 14:14:35] INFO: Xóa sinh viên có ID: 67bd94de412a670263cc3585
[2025-03-14 14:14:36] INFO: Lấy danh sách sinh viên thành công.
[2025-03-14 14:14:36] INFO: Lấy danh sách sinh viên thành công.
[2025-03-14 14:14:37] INFO: Lấy thông tin version: {"version":"3.0.0","build_date":"2025-03-14"}
[2025-03-14 14:14:37] INFO: Lấy danh sách sinh viên thành công.
[2025-03-14 14:14:37] INFO: Lấy danh sách sinh viên thành công.
[2025-03-14 14:14:41] INFO: Xóa sinh viên có ID: 67c1bf3aafec9c5b547e2f66
[2025-03-14 14:14:42] INFO: Lấy thông tin version: {"version":"3.0.0","build_date":"2025-03-14"}
[2025-03-14 14:14:42] INFO: Lấy danh sách sinh viên thành công.
[2025-03-14 14:14:42] INFO: Lấy danh sách sinh viên thành công.
[2025-03-14 14:17:03] INFO: Lấy danh sách sinh viên thành công.
[2025-03-14 14:17:07] INFO: Lấy danh sách sinh viên thành công.
[2025-03-14 14:17:23] INFO: Lấy danh sách sinh viên thành công.
[2025-03-14 14:17:23] INFO: Thêm sinh viên mới: Nguyễn Minh Triết (MSSV: 22127427)
[2025-03-14 14:17:24] INFO: Lấy thông tin version: {"version":"3.0.0","build_date":"2025-03-14"}
[2025-03-14 14:17:24] INFO: Lấy danh sách sinh viên thành công.
[2025-03-14 14:17:24] INFO: Lấy thông tin version: {"version":"3.0.0","build_date":"2025-03-14"}
[2025-03-14 14:17:24] INFO: Lấy danh sách sinh viên thành công.
[2025-03-14 14:17:24] INFO: Lấy danh sách sinh viên thành công.
[2025-03-14 14:17:40] INFO: Lấy thông tin version: {"version":"4.0.0","build_date":"2025-03-14"}
[2025-03-14 14:17:40] INFO: Lấy danh sách sinh viên thành công.
[2025-03-14 14:17:40] INFO: Lấy danh sách sinh viên thành công.
[2025-03-14 14:21:13] INFO: Lấy thông tin version: {"version":"4.0.0","build_date":"2025-03-14"}
[2025-03-14 14:21:13] INFO: Lấy danh sách sinh viên thành công.
[2025-03-14 14:21:13] INFO: Lấy danh sách sinh viên thành công.
[2025-03-14 14:21:48] INFO: Lấy danh sách sinh viên thành công.
[2025-03-14 14:21:48] INFO: Thêm sinh viên mới: Trần Đức Tùng (MSSV: 22127469)
[2025-03-14 14:21:50] INFO: Lấy thông tin version: {"version":"4.0.0","build_date":"2025-03-14"}
[2025-03-14 14:21:50] INFO: Lấy danh sách sinh viên thành công.
[2025-03-14 14:21:50] INFO: Lấy danh sách sinh viên thành công.
[2025-03-14 14:29:40] INFO: Lấy thông tin version: {"version":"4.0.0","build_date":"2025-03-14"}
[2025-03-14 14:29:41] INFO: Lấy danh sách sinh viên thành công.
[2025-03-14 14:29:41] INFO: Lấy danh sách sinh viên thành công.
[2025-03-14 14:30:48] INFO: Lấy danh sách sinh viên thành công.
[2025-03-14 14:30:51] INFO: Thêm sinh viên mới: Đỗ Hải Yến (MSSV: 22127477)
[2025-03-14 14:30:52] INFO: Lấy thông tin version: {"version":"4.0.0","build_date":"2025-03-14"}
[2025-03-14 14:30:52] INFO: Lấy danh sách sinh viên thành công.
[2025-03-14 14:30:52] INFO: Lấy danh sách sinh viên thành công.
[2025-03-14 14:31:09] INFO: Xóa sinh viên có ID: 67d3db2b6087edacd5d74cfb
[2025-03-14 14:31:11] INFO: Lấy thông tin version: {"version":"4.0.0","build_date":"2025-03-14"}
[2025-03-14 14:31:11] INFO: Lấy danh sách sinh viên thành công.
[2025-03-14 14:31:11] INFO: Lấy danh sách sinh viên thành công.
[2025-03-14 14:31:42] INFO: Lấy danh sách sinh viên thành công.
[2025-03-14 14:31:55] INFO: Lấy danh sách sinh viên thành công.
[2025-03-14 14:32:00] INFO: Lấy danh sách sinh viên thành công.
[2025-03-14 14:32:09] INFO: Lấy danh sách sinh viên thành công.
[2025-03-14 14:32:09] INFO: Thêm sinh viên mới: Đỗ Hải Yến (MSSV: 22127477)
[2025-03-14 14:32:10] INFO: Lấy thông tin version: {"version":"4.0.0","build_date":"2025-03-14"}
[2025-03-14 14:32:10] INFO: Lấy danh sách sinh viên thành công.
[2025-03-14 14:32:10] INFO: Lấy danh sách sinh viên thành công.
[2025-03-14 14:32:14] INFO: Xóa sinh viên có ID: 67d3db796087edacd5d74d24
[2025-03-14 14:32:15] INFO: Lấy thông tin version: {"version":"4.0.0","build_date":"2025-03-14"}
[2025-03-14 14:32:15] INFO: Lấy danh sách sinh viên thành công.
[2025-03-14 14:32:15] INFO: Lấy danh sách sinh viên thành công.
[2025-03-14 14:32:42] INFO: Lấy danh sách sinh viên thành công.
[2025-03-14 14:32:47] INFO: Thêm sinh viên mới: Đỗ Hải Yến (MSSV: 22127477)
[2025-03-14 14:32:49] INFO: Lấy thông tin version: {"version":"4.0.0","build_date":"2025-03-14"}
[2025-03-14 14:32:49] INFO: Lấy danh sách sinh viên thành công.
[2025-03-14 14:32:49] INFO: Lấy danh sách sinh viên thành công.
[2025-03-14 14:32:52] INFO: Xóa sinh viên có ID: 67d3db9f6087edacd5d74d42
[2025-03-14 14:32:54] INFO: Lấy thông tin version: {"version":"4.0.0","build_date":"2025-03-14"}
[2025-03-14 14:32:54] INFO: Lấy danh sách sinh viên thành công.
[2025-03-14 14:32:54] INFO: Lấy danh sách sinh viên thành công.
[2025-03-14 14:36:53] INFO: Lấy thông tin version: {"version":"4.0.0","build_date":"2025-03-14"}
[2025-03-14 14:36:53] INFO: Lấy danh sách sinh viên thành công.
[2025-03-14 14:36:53] INFO: Lấy danh sách sinh viên thành công.
[2025-03-14 14:37:22] INFO: Lấy danh sách sinh viên thành công.
[2025-03-14 14:37:22] INFO: Thêm sinh viên mới: Đỗ Hải Yến (MSSV: 22127477)
[2025-03-14 14:37:22] INFO: Lấy thông tin version: {"version":"4.0.0","build_date":"2025-03-14"}
[2025-03-14 14:37:22] INFO: Lấy danh sách sinh viên thành công.
[2025-03-14 14:37:22] INFO: Lấy danh sách sinh viên thành công.
[2025-03-14 14:38:15] INFO: Xóa sinh viên có ID: 67d3dcb26087edacd5d74d68
[2025-03-14 14:38:16] INFO: Lấy thông tin version: {"version":"4.0.0","build_date":"2025-03-14"}
[2025-03-14 14:38:16] INFO: Lấy danh sách sinh viên thành công.
[2025-03-14 14:38:16] INFO: Lấy danh sách sinh viên thành công.
[2025-03-14 14:38:41] INFO: Lấy danh sách sinh viên thành công.
[2025-03-14 14:38:47] INFO: Lấy danh sách sinh viên thành công.
[2025-03-14 14:38:52] INFO: Lấy danh sách sinh viên thành công.
[2025-03-14 14:38:52] INFO: Thêm sinh viên mới: Đỗ Hải Yến (MSSV: 22127477)
[2025-03-14 14:38:53] INFO: Lấy thông tin version: {"version":"4.0.0","build_date":"2025-03-14"}
[2025-03-14 14:38:53] INFO: Lấy danh sách sinh viên thành công.
[2025-03-14 14:38:53] INFO: Lấy danh sách sinh viên thành công.
[2025-03-14 14:38:57] INFO: Xóa sinh viên có ID: 67d3dd0c6087edacd5d74d8c
[2025-03-14 14:38:58] INFO: Lấy thông tin version: {"version":"4.0.0","build_date":"2025-03-14"}
[2025-03-14 14:38:58] INFO: Lấy danh sách sinh viên thành công.
[2025-03-14 14:38:58] INFO: Lấy danh sách sinh viên thành công.
[2025-03-14 14:42:10] INFO: Lấy thông tin version: {"version":"4.0.0","build_date":"2025-03-14"}
[2025-03-14 14:42:10] INFO: Lấy danh sách sinh viên thành công.
[2025-03-14 14:42:10] INFO: Lấy danh sách sinh viên thành công.
[2025-03-14 14:42:35] INFO: Lấy danh sách sinh viên thành công.
[2025-03-14 14:42:42] INFO: Lấy danh sách sinh viên thành công.
[2025-03-14 14:42:42] INFO: Thêm sinh viên mới: Đỗ Hải Yến (MSSV: 22127477)
[2025-03-14 14:42:42] ERROR: Lỗi khi thêm sinh viên: E11000 duplicate key error collection: test.students index: studentId_1 dup key: { studentId: "22127477" }
[2025-03-14 14:42:49] INFO: Lấy thông tin version: {"version":"4.0.0","build_date":"2025-03-14"}
[2025-03-14 14:42:49] INFO: Lấy danh sách sinh viên thành công.
[2025-03-14 14:42:49] INFO: Lấy danh sách sinh viên thành công.
[2025-03-14 14:42:54] INFO: Xóa sinh viên có ID: 67d3ddf26087edacd5d74dba
[2025-03-14 14:42:55] INFO: Lấy thông tin version: {"version":"4.0.0","build_date":"2025-03-14"}
[2025-03-14 14:42:55] INFO: Lấy danh sách sinh viên thành công.
[2025-03-14 14:42:55] INFO: Lấy danh sách sinh viên thành công.
[2025-03-14 14:46:52] INFO: Lấy thông tin version: {"version":"4.0.0","build_date":"2025-03-14"}
[2025-03-14 14:46:52] INFO: Lấy danh sách sinh viên thành công.
[2025-03-14 14:46:52] INFO: Lấy danh sách sinh viên thành công.
[2025-03-14 14:47:22] INFO: Lấy danh sách sinh viên thành công.
[2025-03-14 14:47:22] INFO: Thêm sinh viên mới: Đỗ Hải Yến (MSSV: 22127477)
[2025-03-14 14:47:23] INFO: Lấy thông tin version: {"version":"4.0.0","build_date":"2025-03-14"}
[2025-03-14 14:47:23] INFO: Lấy danh sách sinh viên thành công.
[2025-03-14 14:47:23] INFO: Lấy danh sách sinh viên thành công.
[2025-03-14 14:47:27] INFO: Xóa sinh viên có ID: 67d3df0a6087edacd5d74ddf
[2025-03-14 14:47:28] INFO: Lấy thông tin version: {"version":"4.0.0","build_date":"2025-03-14"}
[2025-03-14 14:47:28] INFO: Lấy danh sách sinh viên thành công.
[2025-03-14 14:47:28] INFO: Lấy danh sách sinh viên thành công.
[2025-03-14 14:48:27] INFO: Lấy thông tin version: {"version":"4.0.0","build_date":"2025-03-14"}
[2025-03-14 14:48:27] INFO: Lấy danh sách sinh viên thành công.
[2025-03-14 14:48:28] INFO: Lấy danh sách sinh viên thành công.
[2025-03-14 14:48:51] INFO: Lấy danh sách sinh viên thành công.
[2025-03-14 14:48:52] INFO: Lấy danh sách sinh viên thành công.
[2025-03-14 14:49:00] INFO: Lấy danh sách sinh viên thành công.
[2025-03-14 14:49:00] INFO: Thêm sinh viên mới: Đỗ Hải Yến (MSSV: 22127477)
[2025-03-14 14:49:03] INFO: Lấy thông tin version: {"version":"4.0.0","build_date":"2025-03-14"}
[2025-03-14 14:49:03] INFO: Lấy danh sách sinh viên thành công.
[2025-03-14 14:49:03] INFO: Lấy danh sách sinh viên thành công.
[2025-03-14 14:49:07] INFO: Xóa sinh viên có ID: 67d3df6c6087edacd5d74e21
[2025-03-14 14:49:09] INFO: Lấy thông tin version: {"version":"4.0.0","build_date":"2025-03-14"}
[2025-03-14 14:49:09] INFO: Lấy danh sách sinh viên thành công.
[2025-03-14 14:49:09] INFO: Lấy danh sách sinh viên thành công.
[2025-03-14 14:49:24] INFO: Lấy thông tin version: {"version":"4.0.0","build_date":"2025-03-14"}
[2025-03-14 14:49:24] INFO: Lấy danh sách sinh viên thành công.
[2025-03-14 14:49:24] INFO: Lấy danh sách sinh viên thành công.
[2025-03-14 14:49:25] INFO: Lấy thông tin version: {"version":"4.0.0","build_date":"2025-03-14"}
[2025-03-14 14:49:25] INFO: Lấy danh sách sinh viên thành công.
[2025-03-14 14:49:25] INFO: Lấy danh sách sinh viên thành công.
[2025-03-14 14:49:46] INFO: Lấy danh sách sinh viên thành công.
[2025-03-14 14:49:46] INFO: Thêm sinh viên mới: Đỗ Hải Yến (MSSV: 22127477)
[2025-03-14 14:49:46] INFO: Lấy thông tin version: {"version":"4.0.0","build_date":"2025-03-14"}
[2025-03-14 14:49:46] INFO: Lấy danh sách sinh viên thành công.
[2025-03-14 14:49:46] INFO: Lấy danh sách sinh viên thành công.
[2025-03-14 14:49:56] INFO: Xóa sinh viên có ID: 67d3df9a6087edacd5d74e51
[2025-03-14 14:49:57] INFO: Lấy thông tin version: {"version":"4.0.0","build_date":"2025-03-14"}
[2025-03-14 14:49:57] INFO: Lấy danh sách sinh viên thành công.
[2025-03-14 14:49:57] INFO: Lấy danh sách sinh viên thành công.
[2025-03-14 14:50:37] INFO: Lấy thông tin version: {"version":"4.0.0","build_date":"2025-03-14"}
[2025-03-14 14:50:37] INFO: Lấy danh sách sinh viên thành công.
[2025-03-14 14:50:37] INFO: Lấy danh sách sinh viên thành công.
[2025-03-14 14:54:04] INFO: Lấy danh sách sinh viên thành công.
[2025-03-14 14:54:04] INFO: Yêu cầu cập nhật sinh viên có ID: 67d3d8032ac46885a5ed8fef
[2025-03-14 14:54:04] INFO: Cập nhật thành công sinh viên: Nguyễn Minh Triết (ID: 67d3d8032ac46885a5ed8fef)
[2025-03-14 14:54:05] INFO: Lấy thông tin version: {"version":"4.0.0","build_date":"2025-03-14"}
[2025-03-14 14:54:05] INFO: Lấy danh sách sinh viên thành công.
[2025-03-14 14:54:05] INFO: Lấy danh sách sinh viên thành công.
[2025-03-14 14:56:51] INFO: Lấy thông tin version: {"version":"4.0.0","build_date":"2025-03-14"}
[2025-03-14 14:56:51] INFO: Lấy danh sách sinh viên thành công.
[2025-03-14 14:56:51] INFO: Lấy danh sách sinh viên thành công.
[2025-03-14 14:56:54] INFO: Lấy danh sách sinh viên thành công.
[2025-03-14 14:56:54] INFO: Yêu cầu cập nhật sinh viên có ID: 67d3d8032ac46885a5ed8fef
[2025-03-14 14:56:54] INFO: Cập nhật thành công sinh viên: Nguyễn Minh Triết (ID: 67d3d8032ac46885a5ed8fef)
[2025-03-14 14:56:56] INFO: Lấy thông tin version: {"version":"4.0.0","build_date":"2025-03-14"}
[2025-03-14 14:56:56] INFO: Lấy danh sách sinh viên thành công.
[2025-03-14 14:56:56] INFO: Lấy danh sách sinh viên thành công.
[2025-03-14 14:57:12] INFO: Lấy danh sách sinh viên thành công.
[2025-03-14 14:57:12] INFO: Yêu cầu cập nhật sinh viên có ID: 67d3d8032ac46885a5ed8fef
[2025-03-14 14:57:12] INFO: Cập nhật thành công sinh viên: Nguyễn Minh Triết (ID: 67d3d8032ac46885a5ed8fef)
[2025-03-14 14:57:14] INFO: Lấy thông tin version: {"version":"4.0.0","build_date":"2025-03-14"}
[2025-03-14 14:57:14] INFO: Lấy danh sách sinh viên thành công.
[2025-03-14 14:57:14] INFO: Lấy danh sách sinh viên thành công.
[2025-03-14 15:00:19] INFO: Lấy thông tin version: {"version":"4.0.0","build_date":"2025-03-14"}
[2025-03-14 15:00:19] INFO: Lấy danh sách sinh viên thành công.
[2025-03-14 15:00:19] INFO: Lấy danh sách sinh viên thành công.
[2025-03-14 15:00:23] INFO: Lấy danh sách sinh viên thành công.
[2025-03-14 15:00:23] INFO: Yêu cầu cập nhật sinh viên có ID: 67d3d8032ac46885a5ed8fef
[2025-03-14 15:02:28] INFO: Lấy thông tin version: {"version":"4.0.0","build_date":"2025-03-14"}
[2025-03-14 15:02:28] INFO: Lấy danh sách sinh viên thành công.
[2025-03-14 15:02:28] INFO: Lấy danh sách sinh viên thành công.
[2025-03-14 15:05:00] INFO: Lấy thông tin version: {"version":"4.0.0","build_date":"2025-03-14"}
[2025-03-14 15:05:01] INFO: Lấy danh sách sinh viên thành công.
[2025-03-14 15:05:01] INFO: Lấy danh sách sinh viên thành công.
[2025-03-14 15:07:21] INFO: Lấy thông tin version: {"version":"4.0.0","build_date":"2025-03-14"}
[2025-03-14 15:07:21] INFO: Lấy danh sách sinh viên thành công.
[2025-03-14 15:07:21] INFO: Lấy danh sách sinh viên thành công.
[2025-03-14 15:08:50] INFO: Lấy thông tin version: {"version":"4.0.0","build_date":"2025-03-14"}
[2025-03-14 15:08:50] INFO: Lấy danh sách sinh viên thành công.
[2025-03-14 15:08:50] INFO: Lấy danh sách sinh viên thành công.
[2025-03-14 15:09:18] INFO: Lấy thông tin version: {"version":"4.0.0","build_date":"2025-03-14"}
[2025-03-14 15:09:18] INFO: Lấy danh sách sinh viên thành công.
[2025-03-14 15:09:18] INFO: Lấy danh sách sinh viên thành công.
[2025-03-14 15:09:29] INFO: Lấy thông tin version: {"version":"4.0.0","build_date":"2025-03-14"}
[2025-03-14 15:09:29] INFO: Lấy danh sách sinh viên thành công.
[2025-03-14 15:09:29] INFO: Lấy danh sách sinh viên thành công.
[2025-03-14 15:09:38] INFO: Lấy thông tin version: {"version":"4.0.0","build_date":"2025-03-14"}
[2025-03-14 15:09:38] INFO: Lấy danh sách sinh viên thành công.
[2025-03-14 15:09:38] INFO: Lấy danh sách sinh viên thành công.
[2025-03-14 15:09:48] INFO: Lấy thông tin version: {"version":"4.0.0","build_date":"2025-03-14"}
[2025-03-14 15:09:48] INFO: Lấy danh sách sinh viên thành công.
[2025-03-14 15:09:48] INFO: Lấy danh sách sinh viên thành công.
[2025-03-14 15:09:57] INFO: Lấy thông tin version: {"version":"4.0.0","build_date":"2025-03-14"}
[2025-03-14 15:09:57] INFO: Lấy danh sách sinh viên thành công.
[2025-03-14 15:09:57] INFO: Lấy danh sách sinh viên thành công.
[2025-03-14 15:10:12] INFO: Lấy thông tin version: {"version":"4.0.0","build_date":"2025-03-14"}
[2025-03-14 15:10:12] INFO: Lấy danh sách sinh viên thành công.
[2025-03-14 15:10:12] INFO: Lấy danh sách sinh viên thành công.
[2025-03-14 15:10:19] INFO: Lấy thông tin version: {"version":"4.0.0","build_date":"2025-03-14"}
[2025-03-14 15:10:19] INFO: Lấy danh sách sinh viên thành công.
[2025-03-14 15:10:19] INFO: Lấy danh sách sinh viên thành công.
[2025-03-14 15:10:29] INFO: Lấy thông tin version: {"version":"4.0.0","build_date":"2025-03-14"}
[2025-03-14 15:10:29] INFO: Lấy danh sách sinh viên thành công.
[2025-03-14 15:10:29] INFO: Lấy danh sách sinh viên thành công.
[2025-03-14 15:10:36] INFO: Lấy thông tin version: {"version":"4.0.0","build_date":"2025-03-14"}
[2025-03-14 15:10:36] INFO: Lấy danh sách sinh viên thành công.
[2025-03-14 15:10:36] INFO: Lấy danh sách sinh viên thành công.
[2025-03-14 15:10:54] INFO: Lấy thông tin version: {"version":"4.0.0","build_date":"2025-03-14"}
[2025-03-14 15:10:54] INFO: Lấy danh sách sinh viên thành công.
[2025-03-14 15:10:54] INFO: Lấy danh sách sinh viên thành công.
[2025-03-14 15:11:50] INFO: Lấy thông tin version: {"version":"4.0.0","build_date":"2025-03-14"}
[2025-03-14 15:11:50] INFO: Lấy danh sách sinh viên thành công.
[2025-03-14 15:11:50] INFO: Lấy danh sách sinh viên thành công.
[2025-03-14 15:12:26] INFO: Lấy thông tin version: {"version":"4.0.0","build_date":"2025-03-14"}
[2025-03-14 15:12:26] INFO: Lấy danh sách sinh viên thành công.
[2025-03-14 15:12:26] INFO: Lấy danh sách sinh viên thành công.
[2025-03-14 15:12:58] INFO: Lấy thông tin version: {"version":"4.0.0","build_date":"2025-03-14"}
[2025-03-14 15:12:58] INFO: Lấy danh sách sinh viên thành công.
[2025-03-14 15:12:58] INFO: Lấy danh sách sinh viên thành công.
[2025-03-14 15:12:59] INFO: Lấy thông tin version: {"version":"4.0.0","build_date":"2025-03-14"}
[2025-03-14 15:12:59] INFO: Lấy danh sách sinh viên thành công.
[2025-03-14 15:12:59] INFO: Lấy danh sách sinh viên thành công.
[2025-03-14 15:13:07] INFO: Lấy thông tin version: {"version":"4.0.0","build_date":"2025-03-14"}
[2025-03-14 15:13:07] INFO: Lấy danh sách sinh viên thành công.
[2025-03-14 15:13:07] INFO: Lấy danh sách sinh viên thành công.
[2025-03-14 15:14:18] INFO: Lấy thông tin version: {"version":"4.0.0","build_date":"2025-03-14"}
[2025-03-14 15:14:18] INFO: Lấy danh sách sinh viên thành công.
[2025-03-14 15:14:18] INFO: Lấy danh sách sinh viên thành công.
[2025-03-14 15:15:38] INFO: Lấy thông tin version: {"version":"4.0.0","build_date":"2025-03-14"}
[2025-03-14 15:15:38] INFO: Lấy danh sách sinh viên thành công.
[2025-03-14 15:15:38] INFO: Lấy danh sách sinh viên thành công.
[2025-03-14 15:15:39] INFO: Lấy thông tin version: {"version":"4.0.0","build_date":"2025-03-14"}
[2025-03-14 15:15:39] INFO: Lấy danh sách sinh viên thành công.
[2025-03-14 15:15:39] INFO: Lấy danh sách sinh viên thành công.
[2025-03-14 15:15:46] INFO: Lấy thông tin version: {"version":"4.0.0","build_date":"2025-03-14"}
[2025-03-14 15:15:46] INFO: Lấy danh sách sinh viên thành công.
[2025-03-14 15:15:46] INFO: Lấy danh sách sinh viên thành công.
[2025-03-14 15:16:14] INFO: Lấy thông tin version: {"version":"4.0.0","build_date":"2025-03-14"}
[2025-03-14 15:16:14] INFO: Lấy danh sách sinh viên thành công.
[2025-03-14 15:16:14] INFO: Lấy danh sách sinh viên thành công.
[2025-03-14 15:16:30] INFO: Lấy thông tin version: {"version":"4.0.0","build_date":"2025-03-14"}
[2025-03-14 15:16:30] INFO: Lấy danh sách sinh viên thành công.
[2025-03-14 15:16:30] INFO: Lấy danh sách sinh viên thành công.
[2025-03-14 15:16:34] INFO: Lấy thông tin version: {"version":"4.0.0","build_date":"2025-03-14"}
[2025-03-14 15:16:34] INFO: Lấy danh sách sinh viên thành công.
[2025-03-14 15:16:34] INFO: Lấy danh sách sinh viên thành công.
[2025-03-14 15:28:51] INFO: Lấy thông tin version: {"version":"4.0.0","build_date":"2025-03-14"}
[2025-03-14 15:28:51] INFO: Lấy danh sách sinh viên thành công.
[2025-03-14 15:28:51] INFO: Lấy danh sách sinh viên thành công.
[2025-03-14 15:28:54] INFO: Lấy thông tin version: {"version":"4.0.0","build_date":"2025-03-14"}
[2025-03-14 15:28:54] INFO: Lấy danh sách sinh viên thành công.
[2025-03-14 15:28:54] INFO: Lấy danh sách sinh viên thành công.
[2025-03-14 15:28:55] INFO: Lấy danh sách sinh viên thành công.
[2025-03-14 15:29:00] INFO: Lấy danh sách sinh viên thành công.
[2025-03-14 15:29:11] INFO: Lấy thông tin version: {"version":"4.0.0","build_date":"2025-03-14"}
[2025-03-14 15:29:11] INFO: Lấy danh sách sinh viên thành công.
[2025-03-14 15:29:11] INFO: Lấy danh sách sinh viên thành công.
[2025-03-14 15:29:23] INFO: Lấy thông tin version: {"version":"4.0.0","build_date":"2025-03-14"}
[2025-03-14 15:29:23] INFO: Lấy danh sách sinh viên thành công.
[2025-03-14 15:29:23] INFO: Lấy danh sách sinh viên thành công.
[2025-03-14 15:33:49] INFO: Lấy thông tin version: {"version":"4.0.0","build_date":"2025-03-14"}
[2025-03-14 15:33:49] INFO: Lấy danh sách sinh viên thành công.
[2025-03-14 15:33:49] INFO: Lấy danh sách sinh viên thành công.
[2025-03-14 16:00:01] INFO: Lấy thông tin version: {"version":"4.0.0","build_date":"2025-03-14"}
[2025-03-14 16:00:01] INFO: Lấy danh sách sinh viên thành công.
[2025-03-14 16:00:01] INFO: Lấy danh sách sinh viên thành công.
[2025-03-14 16:00:01] INFO: Lấy danh sách sinh viên thành công.
[2025-03-14 16:06:47] INFO: Lấy thông tin version: {"version":"4.0.0","build_date":"2025-03-14"}
[2025-03-14 16:06:47] INFO: Lấy danh sách sinh viên thành công.
[2025-03-14 16:06:47] INFO: Lấy danh sách sinh viên thành công.
[2025-03-14 16:06:47] INFO: Lấy danh sách sinh viên thành công.
[2025-03-14 16:07:59] INFO: Lấy thông tin version: {"version":"4.0.0","build_date":"2025-03-14"}
[2025-03-14 16:07:59] INFO: Lấy danh sách sinh viên thành công.
[2025-03-14 16:07:59] INFO: Lấy danh sách sinh viên thành công.
[2025-03-14 16:08:00] INFO: Lấy thông tin version: {"version":"4.0.0","build_date":"2025-03-14"}
[2025-03-14 16:08:00] INFO: Lấy danh sách sinh viên thành công.
[2025-03-14 16:08:00] INFO: Lấy danh sách sinh viên thành công.
[2025-03-14 16:21:04] INFO: Lấy thông tin version: {"version":"4.0.0","build_date":"2025-03-14"}
[2025-03-14 16:21:04] INFO: Lấy danh sách sinh viên thành công.
[2025-03-14 16:21:04] INFO: Lấy danh sách sinh viên thành công.
[2025-03-14 16:21:24] INFO: Lấy thông tin version: {"version":"4.0.0","build_date":"2025-03-14"}
[2025-03-14 16:21:24] INFO: Lấy danh sách sinh viên thành công.
[2025-03-14 16:21:24] INFO: Lấy danh sách sinh viên thành công.
[2025-03-14 16:21:35] INFO: Lấy thông tin version: {"version":"4.0.0","build_date":"2025-03-14"}
[2025-03-14 16:21:35] INFO: Lấy danh sách sinh viên thành công.
[2025-03-14 16:21:35] INFO: Lấy danh sách sinh viên thành công.
[2025-03-14 16:22:27] INFO: Lấy thông tin version: {"version":"4.0.0","build_date":"2025-03-14"}
[2025-03-14 16:22:28] INFO: Lấy danh sách sinh viên thành công.
[2025-03-14 16:22:28] INFO: Lấy danh sách sinh viên thành công.
[2025-03-14 16:22:32] INFO: Lấy thông tin version: {"version":"4.0.0","build_date":"2025-03-14"}
[2025-03-14 16:22:32] INFO: Lấy danh sách sinh viên thành công.
[2025-03-14 16:22:32] INFO: Lấy danh sách sinh viên thành công.
[2025-03-14 16:22:33] INFO: Lấy thông tin version: {"version":"4.0.0","build_date":"2025-03-14"}
[2025-03-14 16:22:33] INFO: Lấy danh sách sinh viên thành công.
[2025-03-14 16:22:33] INFO: Lấy danh sách sinh viên thành công.
[2025-03-14 16:26:52] INFO: Lấy thông tin version: {"version":"4.0.0","build_date":"2025-03-14"}
[2025-03-14 16:26:52] INFO: Lấy danh sách sinh viên thành công.
[2025-03-14 16:26:52] INFO: Lấy danh sách sinh viên thành công.
[2025-03-14 16:26:57] INFO: Lấy thông tin version: {"version":"4.0.0","build_date":"2025-03-14"}
[2025-03-14 16:26:57] INFO: Lấy danh sách sinh viên thành công.
[2025-03-14 16:26:58] INFO: Lấy danh sách sinh viên thành công.
[2025-03-14 16:26:58] INFO: Lấy danh sách sinh viên thành công.
[2025-03-14 16:29:02] INFO: Lấy danh sách sinh viên thành công.
[2025-03-14 16:29:02] INFO: Lấy danh sách sinh viên thành công.
[2025-03-14 16:29:04] INFO: Lấy danh sách sinh viên thành công.
[2025-03-14 16:30:26] INFO: Lấy danh sách sinh viên thành công.
[2025-03-14 16:31:03] INFO: Lấy danh sách sinh viên thành công.
[2025-03-14 16:31:45] INFO: Lấy danh sách sinh viên thành công.
[2025-03-14 16:31:46] INFO: Lấy danh sách sinh viên thành công.
[2025-03-14 16:31:48] INFO: Lấy danh sách sinh viên thành công.
[2025-03-14 16:31:49] INFO: Lấy danh sách sinh viên thành công.
[2025-03-14 16:33:36] INFO: Lấy danh sách sinh viên thành công.
[2025-03-14 16:33:47] INFO: Lấy danh sách sinh viên thành công.
[2025-03-14 16:34:54] INFO: Lấy danh sách sinh viên thành công.
[2025-03-14 16:35:22] INFO: Lấy danh sách sinh viên thành công.
[2025-03-14 16:36:48] INFO: Lấy danh sách sinh viên thành công.
[2025-03-14 16:38:39] INFO: Lấy danh sách sinh viên thành công.
[2025-03-14 16:38:39] INFO: Lấy danh sách sinh viên thành công.
[2025-03-14 16:38:39] INFO: Lấy danh sách sinh viên thành công.
[2025-03-14 16:41:41] INFO: Lấy thông tin version: {"version":"4.0.0","build_date":"2025-03-14"}
[2025-03-14 16:41:41] INFO: Lấy danh sách sinh viên thành công.
[2025-03-14 16:41:41] INFO: Lấy danh sách sinh viên thành công.
[2025-03-14 16:41:43] INFO: Lấy thông tin version: {"version":"4.0.0","build_date":"2025-03-14"}
[2025-03-14 16:41:43] INFO: Lấy danh sách sinh viên thành công.
[2025-03-14 16:41:43] INFO: Lấy danh sách sinh viên thành công.
[2025-03-14 16:41:44] INFO: Lấy thông tin version: {"version":"4.0.0","build_date":"2025-03-14"}
[2025-03-14 16:41:44] INFO: Lấy danh sách sinh viên thành công.
[2025-03-14 16:41:44] INFO: Lấy danh sách sinh viên thành công.
[2025-03-14 16:42:23] INFO: Lấy thông tin version: {"version":"4.0.0","build_date":"2025-03-14"}
[2025-03-14 16:42:23] INFO: Lấy danh sách sinh viên thành công.
[2025-03-14 16:42:23] INFO: Lấy danh sách sinh viên thành công.
[2025-03-14 16:42:54] INFO: Lấy thông tin version: {"version":"4.0.0","build_date":"2025-03-14"}
[2025-03-14 16:42:54] INFO: Lấy danh sách sinh viên thành công.
[2025-03-14 16:42:54] INFO: Lấy danh sách sinh viên thành công.
[2025-03-14 16:52:16] INFO: Lấy thông tin version: {"version":"4.0.0","build_date":"2025-03-14"}
[2025-03-14 16:52:16] INFO: Lấy danh sách sinh viên thành công.
[2025-03-14 16:52:16] INFO: Lấy danh sách sinh viên thành công.
[2025-03-14 16:53:03] INFO: Lấy thông tin version: {"version":"4.0.0","build_date":"2025-03-14"}
[2025-03-14 16:53:04] INFO: Lấy danh sách sinh viên thành công.
[2025-03-14 16:53:04] INFO: Lấy danh sách sinh viên thành công.
[2025-03-14 17:25:05] INFO: Lấy danh sách sinh viên thành công.
[2025-03-14 17:30:09] INFO: Lấy thông tin version: {"version":"4.0.0","build_date":"2025-03-14"}
[2025-03-14 17:30:10] INFO: Lấy danh sách sinh viên thành công.
[2025-03-14 17:30:10] INFO: Lấy danh sách sinh viên thành công.
[2025-03-14 17:31:26] INFO: Lấy thông tin version: {"version":"4.0.0","build_date":"2025-03-14"}
[2025-03-14 17:31:26] INFO: Lấy danh sách sinh viên thành công.
[2025-03-14 17:31:26] INFO: Lấy danh sách sinh viên thành công.
[2025-03-14 17:32:06] INFO: Lấy thông tin version: {"version":"4.0.0","build_date":"2025-03-14"}
[2025-03-14 17:32:06] INFO: Lấy danh sách sinh viên thành công.
[2025-03-14 17:32:06] INFO: Lấy danh sách sinh viên thành công.
[2025-03-14 17:47:13] INFO: Lấy thông tin version: {"version":"4.0.0","build_date":"2025-03-14"}
[2025-03-14 17:47:13] INFO: Lấy danh sách sinh viên thành công.
[2025-03-14 17:47:14] INFO: Lấy danh sách sinh viên thành công.
[2025-03-14 19:54:40] INFO: Lấy thông tin version: {"version":"4.0.0","build_date":"2025-03-14"}
[2025-03-14 19:54:41] INFO: Lấy danh sách sinh viên thành công.
[2025-03-14 19:54:41] INFO: Lấy danh sách sinh viên thành công.
[2025-03-14 19:59:24] INFO: Lấy thông tin version: {"version":"4.0.0","build_date":"2025-03-14"}
[2025-03-14 19:59:25] INFO: Lấy danh sách sinh viên thành công.
[2025-03-14 19:59:25] INFO: Lấy danh sách sinh viên thành công.
[2025-03-14 19:59:32] INFO: Lấy thông tin version: {"version":"4.0.0","build_date":"2025-03-14"}
[2025-03-14 19:59:32] INFO: Lấy danh sách sinh viên thành công.
[2025-03-14 19:59:32] INFO: Lấy danh sách sinh viên thành công.
[2025-03-14 19:59:57] INFO: Lấy danh sách sinh viên thành công.
[2025-03-14 20:00:07] INFO: Lấy danh sách sinh viên thành công.
[2025-03-14 20:00:07] INFO: Thêm sinh viên mới: Trần Đức Tùng (MSSV: 22127477)
[2025-03-14 20:00:08] INFO: Lấy thông tin version: {"version":"4.0.0","build_date":"2025-03-14"}
[2025-03-14 20:00:08] INFO: Lấy danh sách sinh viên thành công.
[2025-03-14 20:00:08] INFO: Lấy danh sách sinh viên thành công.
[2025-03-14 20:00:12] INFO: Xóa sinh viên có ID: 67d428571ccabcd60b3b2b64
[2025-03-14 20:00:13] INFO: Lấy thông tin version: {"version":"4.0.0","build_date":"2025-03-14"}
[2025-03-14 20:00:13] INFO: Lấy danh sách sinh viên thành công.
[2025-03-14 20:00:13] INFO: Lấy danh sách sinh viên thành công.
[2025-03-14 20:05:25] INFO: Lấy thông tin version: {"version":"4.0.0","build_date":"2025-03-14"}
[2025-03-14 20:05:26] INFO: Lấy danh sách sinh viên thành công.
[2025-03-14 20:05:26] INFO: Lấy danh sách sinh viên thành công.
[2025-03-14 20:17:36] INFO: Lấy thông tin version: {"version":"4.0.0","build_date":"2025-03-14"}
[2025-03-14 20:17:36] INFO: Lấy danh sách sinh viên thành công.
[2025-03-14 20:17:36] INFO: Lấy danh sách sinh viên thành công.
[2025-03-14 20:19:25] INFO: Lấy thông tin version: {"version":"4.0.0","build_date":"2025-03-14"}
[2025-03-14 20:19:26] INFO: Lấy danh sách sinh viên thành công.
[2025-03-14 20:19:26] INFO: Lấy danh sách sinh viên thành công.
[2025-03-14 20:19:46] INFO: Lấy thông tin version: {"version":"4.0.0","build_date":"2025-03-14"}
[2025-03-14 20:19:46] INFO: Lấy danh sách sinh viên thành công.
[2025-03-14 20:19:46] INFO: Lấy danh sách sinh viên thành công.
[2025-03-14 20:26:10] INFO: Lấy thông tin version: {"version":"4.0.0","build_date":"2025-03-14"}
[2025-03-14 20:26:10] INFO: Lấy danh sách sinh viên thành công.
[2025-03-14 20:26:10] INFO: Lấy danh sách sinh viên thành công.
[2025-03-14 20:29:30] INFO: Đã xóa tất cả sinh viên.
[2025-03-14 20:29:31] INFO: Lấy thông tin version: {"version":"4.0.0","build_date":"2025-03-14"}
[2025-03-14 20:29:31] INFO: Lấy danh sách sinh viên thành công.
[2025-03-14 20:29:31] INFO: Lấy danh sách sinh viên thành công.
