[2025-02-25 15:20:31] INFO: Lấy thông tin version: {"version":"3.0.0","build_date":"2025-02-25"}
[2025-02-25 15:20:31] INFO: Lấy danh sách sinh viên thành công.
[2025-02-25 15:20:31] INFO: Lấy danh sách sinh viên thành công.
[2025-02-25 15:20:35] INFO: Lấy thông tin version: {"version":"3.0.0","build_date":"2025-02-25"}
[2025-02-25 15:20:35] INFO: Lấy danh sách sinh viên thành công.
[2025-02-25 15:20:35] INFO: Lấy danh sách sinh viên thành công.
[2025-02-25 15:20:40] INFO: Lấy danh sách sinh viên thành công.
[2025-02-25 15:20:40] INFO: Lấy thông tin version: {"version":"3.0.0","build_date":"2025-02-25"}
[2025-02-25 15:20:40] INFO: Cập nhật thành công sinh viên: Nguyễn Minh Triết (ID: 67b9e39af45f0e4c95148a63, Email: ntriet1606@clc.fitus.edu.vn)
[2025-02-25 15:20:40] INFO: Lấy danh sách sinh viên thành công.
[2025-02-25 15:20:40] INFO: Lấy danh sách sinh viên thành công.
[2025-02-25 15:20:44] INFO: Lấy danh sách sinh viên thành công.
[2025-02-25 15:20:44] INFO: Cập nhật thành công sinh viên: Nguyễn Minh Triết (ID: 67b9e39af45f0e4c95148a63, Email: ntriet1606@clc.fitus.edu.vn)
[2025-02-25 15:20:45] INFO: Lấy thông tin version: {"version":"3.0.0","build_date":"2025-02-25"}
[2025-02-25 15:20:45] INFO: Lấy danh sách sinh viên thành công.
[2025-02-25 15:20:45] INFO: Lấy danh sách sinh viên thành công.
[2025-02-25 15:21:39] INFO: Lấy danh sách sinh viên thành công.
[2025-02-25 15:21:40] INFO: Cập nhật thành công sinh viên: Nguyễn Minh Triết (ID: 67b9e39af45f0e4c95148a63, Email: ntriet1606@clc.fitus.edu.vn)
[2025-02-25 15:21:41] INFO: Lấy thông tin version: {"version":"3.0.0","build_date":"2025-02-25"}
[2025-02-25 15:21:41] INFO: Lấy danh sách sinh viên thành công.
[2025-02-25 15:21:42] INFO: Lấy danh sách sinh viên thành công.
[2025-02-25 15:27:17] INFO: Lấy thông tin version: {"version":"3.0.0","build_date":"2025-02-25"}
[2025-02-25 15:27:17] INFO: Lấy danh sách sinh viên thành công.
[2025-02-25 15:27:17] INFO: Lấy danh sách sinh viên thành công.
[2025-02-25 15:27:22] INFO: Lấy danh sách sinh viên thành công.
[2025-02-25 15:27:22] INFO: Cập nhật thành công sinh viên: Nguyễn Minh Triết (ID: 67b9e39af45f0e4c95148a63, Email: ntriet1606@clc.fitus.edu.vn)
[2025-02-25 15:27:23] INFO: Lấy thông tin version: {"version":"3.0.0","build_date":"2025-02-25"}
[2025-02-25 15:27:23] INFO: Lấy danh sách sinh viên thành công.
[2025-02-25 15:27:23] INFO: Lấy danh sách sinh viên thành công.
[2025-02-25 17:00:22] INFO: Lấy thông tin version: {"version":"3.0.0","build_date":"2025-02-25"}
[2025-02-25 17:00:23] INFO: Lấy danh sách sinh viên thành công.
[2025-02-25 17:00:23] INFO: Lấy danh sách sinh viên thành công.
[2025-02-25 17:00:25] INFO: Lấy thông tin version: {"version":"3.0.0","build_date":"2025-02-25"}
[2025-02-25 17:00:25] INFO: Lấy danh sách sinh viên thành công.
[2025-02-25 17:00:25] INFO: Lấy danh sách sinh viên thành công.
[2025-02-25 17:00:33] INFO: Xóa sinh viên có ID: 67bd9429d5be63d687ef2ee3
[2025-02-25 17:00:34] INFO: Lấy thông tin version: {"version":"3.0.0","build_date":"2025-02-25"}
[2025-02-25 17:00:34] INFO: Lấy danh sách sinh viên thành công.
[2025-02-25 17:00:34] INFO: Lấy danh sách sinh viên thành công.
[2025-02-25 17:00:54] INFO: Lấy danh sách sinh viên thành công.
[2025-02-25 17:01:02] INFO: Lấy danh sách sinh viên thành công.
[2025-02-25 17:01:02] INFO: Thêm sinh viên mới: Đỗ Hải Yến (MSSV: 22127469)
[2025-02-25 17:01:03] INFO: Lấy thông tin version: {"version":"3.0.0","build_date":"2025-02-25"}
[2025-02-25 17:01:03] INFO: Lấy danh sách sinh viên thành công.
[2025-02-25 17:01:03] INFO: Lấy danh sách sinh viên thành công.
[2025-02-25 17:01:11] INFO: Lấy danh sách sinh viên thành công.
[2025-02-25 17:01:11] INFO: Yêu cầu cập nhật sinh viên có ID: 67bd94de412a670263cc3585
[2025-02-25 17:01:11] INFO: Cập nhật thành công sinh viên: Đỗ Hải Yến (ID: 67bd94de412a670263cc3585)
[2025-02-25 17:01:12] INFO: Lấy thông tin version: {"version":"3.0.0","build_date":"2025-02-25"}
[2025-02-25 17:01:12] INFO: Lấy danh sách sinh viên thành công.
[2025-02-25 17:01:12] INFO: Lấy danh sách sinh viên thành công.
[2025-02-25 17:01:16] INFO: Lấy danh sách sinh viên thành công.
[2025-02-25 17:01:16] INFO: Yêu cầu cập nhật sinh viên có ID: 67bd94de412a670263cc3585
[2025-02-25 17:01:16] INFO: Cập nhật thành công sinh viên: Đỗ Hải Yến (ID: 67bd94de412a670263cc3585)
[2025-02-25 17:01:17] INFO: Lấy thông tin version: {"version":"3.0.0","build_date":"2025-02-25"}
[2025-02-25 17:01:17] INFO: Lấy danh sách sinh viên thành công.
[2025-02-25 17:01:17] INFO: Lấy danh sách sinh viên thành công.
