[2025-02-20 15:57:04] INFO: Lấy thông tin version: {"version":"1.0.0","build_date":"2025-02-20"}
[2025-02-20 15:57:04] INFO: Lấy danh sách sinh viên thành công.
[2025-02-20 15:57:04] INFO: Lấy danh sách sinh viên thành công.
[2025-02-20 15:57:10] ERROR: Lỗi khi xóa sinh viên: Cast to ObjectId failed for value "delete-all" (type string) at path "_id" for model "Student"
[2025-02-20 15:57:16] ERROR: Lỗi khi xóa sinh viên: Cast to ObjectId failed for value "delete-all" (type string) at path "_id" for model "Student"
[2025-02-20 16:03:41] INFO: Lấy thông tin version: {"version":"1.0.0","build_date":"2025-02-20"}
[2025-02-20 16:03:41] INFO: Lấy danh sách sinh viên thành công.
[2025-02-20 16:03:41] INFO: Lấy danh sách sinh viên thành công.
[2025-02-20 16:03:46] INFO: Xóa sinh viên có ID: 67b4a0cb42dbf6b40eb84d8a
[2025-02-20 16:03:47] INFO: Lấy thông tin version: {"version":"1.0.0","build_date":"2025-02-20"}
[2025-02-20 16:03:47] INFO: Lấy danh sách sinh viên thành công.
[2025-02-20 16:03:47] INFO: Lấy danh sách sinh viên thành công.
[2025-02-20 16:03:51] INFO: Đã xóa tất cả sinh viên.
[2025-02-20 16:03:52] INFO: Lấy thông tin version: {"version":"1.0.0","build_date":"2025-02-20"}
[2025-02-20 16:03:52] INFO: Lấy danh sách sinh viên thành công.
[2025-02-20 16:03:52] INFO: Lấy danh sách sinh viên thành công.
[2025-02-20 16:06:10] INFO: Lấy thông tin version: {"version":"1.0.0","build_date":"2025-02-20"}
[2025-02-20 16:06:10] INFO: Lấy danh sách sinh viên thành công.
[2025-02-20 16:06:10] INFO: Lấy danh sách sinh viên thành công.
[2025-02-20 16:06:18] INFO: Bắt đầu import file Excel: students.xlsx
[2025-02-20 16:06:19] INFO: Import Excel hoàn tất: 14 sinh viên mới.
[2025-02-20 16:06:22] INFO: Lấy thông tin version: {"version":"1.0.0","build_date":"2025-02-20"}
[2025-02-20 16:06:22] INFO: Lấy danh sách sinh viên thành công.
[2025-02-20 16:06:22] INFO: Lấy danh sách sinh viên thành công.
[2025-02-20 16:06:55] INFO: Đã xóa tất cả sinh viên.
[2025-02-20 16:06:56] INFO: Lấy thông tin version: {"version":"1.0.0","build_date":"2025-02-20"}
[2025-02-20 16:06:56] INFO: Lấy danh sách sinh viên thành công.
[2025-02-20 16:06:56] INFO: Lấy danh sách sinh viên thành công.
[2025-02-20 16:07:06] INFO: Bắt đầu import file Excel: sinhvien (1).xlsx
[2025-02-20 16:07:13] INFO: Bắt đầu import file Excel: sinhvien (1).xlsx
[2025-02-20 16:07:16] INFO: Lấy thông tin version: {"version":"1.0.0","build_date":"2025-02-20"}
[2025-02-20 16:07:16] INFO: Lấy danh sách sinh viên thành công.
[2025-02-20 16:07:16] INFO: Lấy danh sách sinh viên thành công.
[2025-02-20 16:10:02] INFO: Bắt đầu import file Excel: sinhvien (1).xlsx
[2025-02-20 16:13:33] INFO: Lấy thông tin version: {"version":"1.0.0","build_date":"2025-02-20"}
[2025-02-20 16:13:33] INFO: Lấy danh sách sinh viên thành công.
[2025-02-20 16:13:33] INFO: Lấy danh sách sinh viên thành công.
[2025-02-20 16:13:38] INFO: Bắt đầu import file Excel: sinhvien (1).xlsx
[2025-02-20 16:13:43] INFO: Lấy thông tin version: {"version":"1.0.0","build_date":"2025-02-20"}
[2025-02-20 16:13:43] INFO: Lấy danh sách sinh viên thành công.
[2025-02-20 16:13:43] INFO: Lấy danh sách sinh viên thành công.
[2025-02-20 16:14:10] INFO: Lấy thông tin version: {"version":"1.0.0","build_date":"2025-02-20"}
[2025-02-20 16:14:10] INFO: Lấy danh sách sinh viên thành công.
[2025-02-20 16:14:10] INFO: Lấy danh sách sinh viên thành công.
[2025-02-20 16:16:12] INFO: Lấy thông tin version: {"version":"1.0.0","build_date":"2025-02-20"}
[2025-02-20 16:16:13] INFO: Lấy danh sách sinh viên thành công.
[2025-02-20 16:16:13] INFO: Lấy danh sách sinh viên thành công.
[2025-02-20 16:16:34] INFO: Lấy thông tin version: {"version":"1.0.0","build_date":"2025-02-20"}
[2025-02-20 16:16:34] INFO: Lấy danh sách sinh viên thành công.
[2025-02-20 16:16:34] INFO: Lấy danh sách sinh viên thành công.
[2025-02-20 16:16:39] INFO: Bắt đầu import file Excel: sinhvien (1).xlsx
[2025-02-20 16:16:40] INFO: Bắt đầu import file Excel: sinhvien (1).xlsx
[2025-02-20 16:16:40] INFO: Import Excel hoàn tất: 10 sinh viên mới.
[2025-02-20 16:16:41] INFO: Import Excel hoàn tất: 0 sinh viên mới.
[2025-02-20 16:16:43] INFO: Lấy thông tin version: {"version":"1.0.0","build_date":"2025-02-20"}
[2025-02-20 16:16:43] INFO: Lấy danh sách sinh viên thành công.
[2025-02-20 16:16:43] INFO: Lấy danh sách sinh viên thành công.
[2025-02-20 16:16:59] INFO: Bắt đầu import file Excel: students.xlsx
[2025-02-20 16:17:00] INFO: Import Excel hoàn tất: 14 sinh viên mới.
[2025-02-20 16:17:02] INFO: Lấy thông tin version: {"version":"1.0.0","build_date":"2025-02-20"}
[2025-02-20 16:17:02] INFO: Lấy danh sách sinh viên thành công.
[2025-02-20 16:17:02] INFO: Lấy danh sách sinh viên thành công.
[2025-02-20 16:17:24] INFO: Đã xóa tất cả sinh viên.
[2025-02-20 16:17:24] INFO: Lấy thông tin version: {"version":"1.0.0","build_date":"2025-02-20"}
[2025-02-20 16:17:24] INFO: Lấy danh sách sinh viên thành công.
[2025-02-20 16:17:25] INFO: Lấy danh sách sinh viên thành công.
[2025-02-20 16:18:51] INFO: Lấy thông tin version: {"version":"1.0.0","build_date":"2025-02-20"}
[2025-02-20 16:18:51] INFO: Lấy danh sách sinh viên thành công.
[2025-02-20 16:18:51] INFO: Lấy danh sách sinh viên thành công.
[2025-02-20 16:19:05] INFO: Lấy thông tin version: {"version":"1.0.0","build_date":"2025-02-20"}
[2025-02-20 16:19:05] INFO: Lấy danh sách sinh viên thành công.
[2025-02-20 16:19:05] INFO: Lấy danh sách sinh viên thành công.
[2025-02-20 16:20:28] INFO: Lấy thông tin version: {"version":"1.0.0","build_date":"2025-02-20"}
[2025-02-20 16:20:28] INFO: Lấy danh sách sinh viên thành công.
[2025-02-20 16:20:28] INFO: Lấy danh sách sinh viên thành công.
[2025-02-20 16:21:22] INFO: Lấy thông tin version: {"version":"1.0.0","build_date":"2025-02-20"}
[2025-02-20 16:21:22] INFO: Lấy danh sách sinh viên thành công.
[2025-02-20 16:21:23] INFO: Lấy danh sách sinh viên thành công.
